JvmtiExport can_access_local_variables 0
JvmtiExport can_hotswap_or_post_breakpoint 0
JvmtiExport can_post_on_exceptions 0
# 661 ciObject found
ciMethod java/lang/Object <init> ()V 4097 1 8482489 0 96
ciMethod java/lang/Object getClass ()Ljava/lang/Class; 2049 1 256 0 -1
ciMethod java/lang/Object hashCode ()I 5121 1 640 0 -1
ciMethod java/lang/Object equals (Ljava/lang/Object;)Z 2161 1 140155 0 -1
ciMethod java/lang/String isEmpty ()Z 4097 1 265628 0 -1
ciMethod java/lang/String equals (Ljava/lang/Object;)Z 2524433 1 349022 0 416
ciMethod java/lang/String startsWith (Ljava/lang/String;)Z 3401 1 188412 0 -1
ciMethod java/lang/String endsWith (Ljava/lang/String;)Z 2129 1 31444 0 -1
ciMethod java/lang/String hashCode ()I 48217 1 20287 0 512
ciMethod java/lang/String coder ()B 4097 1 7990822 0 32
ciMethod java/lang/String isLatin1 ()Z 4097 1 14089929 0 64
ciMethod java/lang/System arraycopy (Ljava/lang/Object;ILjava/lang/Object;II)V 3073 1 384 0 -1
ciMethod java/lang/Throwable addSuppressed (Ljava/lang/Throwable;)V 0 0 1 0 -1
ciMethod java/util/Properties store (Ljava/io/Writer;Ljava/lang/String;)V 97 1 10 0 -1
ciMethod java/util/Properties getProperty (Ljava/lang/String;)Ljava/lang/String; 32769 1 13511 0 -1
ciMethod java/util/Properties put (Ljava/lang/Object;Ljava/lang/Object;)Ljava/lang/Object; 16809 1 2562 0 -1
ciMethod java/util/Map isEmpty ()Z 0 0 1 0 -1
ciMethod java/util/Map containsKey (Ljava/lang/Object;)Z 0 0 1 0 -1
ciMethod java/util/Map get (Ljava/lang/Object;)Ljava/lang/Object; 0 0 1 0 -1
ciMethod java/util/Map put (Ljava/lang/Object;Ljava/lang/Object;)Ljava/lang/Object; 0 0 1 0 -1
ciMethod java/lang/StringBuilder <init> ()V 1089 1 303194 0 -1
ciMethod java/lang/StringBuilder <init> (I)V 17521 1 19929 0 -1
ciMethod java/lang/StringBuilder append (Ljava/lang/String;)Ljava/lang/StringBuilder; 59409 1 696400 0 -1
ciMethod java/lang/StringBuilder append (I)Ljava/lang/StringBuilder; 65593 1 13644 0 -1
ciMethod java/lang/StringBuilder toString ()Ljava/lang/String; 17089 1 312279 0 -1
ciMethod java/lang/Integer valueOf (I)Ljava/lang/Integer; 409 1 116307 0 -1
ciMethod java/lang/Integer intValue ()I 1601 1 200 0 -1
ciMethod java/util/Iterator hasNext ()Z 0 0 1 0 -1
ciMethod java/util/Iterator next ()Ljava/lang/Object; 0 0 1 0 -1
ciMethod java/util/Collection iterator ()Ljava/util/Iterator; 0 0 1 0 -1
ciMethod java/util/Collection toArray ()[Ljava/lang/Object; 0 0 1 0 -1
ciMethod java/util/Collection add (Ljava/lang/Object;)Z 0 0 1 0 -1
ciMethod java/util/Set contains (Ljava/lang/Object;)Z 0 0 1 0 -1
ciMethod java/util/Set iterator ()Ljava/util/Iterator; 0 0 1 0 -1
ciMethod java/util/Set add (Ljava/lang/Object;)Z 0 0 1 0 -1
ciMethod java/util/Set remove (Ljava/lang/Object;)Z 0 0 1 0 -1
ciMethod java/util/Set addAll (Ljava/util/Collection;)Z 0 0 1 0 -1
ciMethod java/util/AbstractCollection <init> ()V 2073 1 705667 0 32
ciMethod java/util/AbstractCollection size ()I 0 0 1 0 -1
ciMethod java/util/AbstractCollection isEmpty ()Z 4097 1 31841 0 96
ciMethod java/util/Objects requireNonNull (Ljava/lang/Object;)Ljava/lang/Object; 3081 1 1564782 0 -1
ciMethod java/util/Objects checkIndex (II)I 2049 1 93635 0 -1
ciMethod java/util/HashSet <init> ()V 1761 1 20371 0 -1
ciMethod java/util/HashSet contains (Ljava/lang/Object;)Z 49161 1 20489 0 672
ciMethod java/util/HashSet add (Ljava/lang/Object;)Z 3281 1 192441 0 480
ciMethod java/util/HashMap hash (Ljava/lang/Object;)I 36649 1 509968 0 160
ciMethod java/util/HashMap comparableClassFor (Ljava/lang/Object;)Ljava/lang/Class; 13905 1 1738 0 -1
ciMethod java/util/HashMap compareComparables (Ljava/lang/Class;Ljava/lang/Object;Ljava/lang/Object;)I 0 0 1 0 -1
ciMethod java/util/HashMap isEmpty ()Z 2049 1 25256 0 64
ciMethod java/util/HashMap get (Ljava/lang/Object;)Ljava/lang/Object; 393713 1 83689 0 640
ciMethod java/util/HashMap getNode (ILjava/lang/Object;)Ljava/util/HashMap$Node; 426961 5729 124449 0 448
ciMethod java/util/HashMap containsKey (Ljava/lang/Object;)Z 5220169 1 568678 0 0
ciMethod java/util/HashMap put (Ljava/lang/Object;Ljava/lang/Object;)Ljava/lang/Object; 868561 1 273956 0 224
ciMethod java/util/HashMap putVal (ILjava/lang/Object;Ljava/lang/Object;ZZ)Ljava/lang/Object; 1860161 135225 339235 0 1888
ciMethod java/util/HashMap resize ()[Ljava/util/HashMap$Node; 737 2337 21412 0 -1
ciMethod java/util/HashMap treeifyBin ([Ljava/util/HashMap$Node;I)V 1 1 54 0 0
ciMethod java/util/HashMap removeNode (ILjava/lang/Object;Ljava/lang/Object;ZZ)Ljava/util/HashMap$Node; 802969 38281 173848 0 -1
ciMethod java/util/HashMap newNode (ILjava/lang/Object;Ljava/lang/Object;Ljava/util/HashMap$Node;)Ljava/util/HashMap$Node; 4097 1 15896 0 736
ciMethod java/util/HashMap newTreeNode (ILjava/lang/Object;Ljava/lang/Object;Ljava/util/HashMap$Node;)Ljava/util/HashMap$TreeNode; 529 1 66 0 -1
ciMethod java/util/HashMap replacementTreeNode (Ljava/util/HashMap$Node;Ljava/util/HashMap$Node;)Ljava/util/HashMap$TreeNode; 1009 1 126 0 -1
ciMethod java/util/HashMap afterNodeAccess (Ljava/util/HashMap$Node;)V 16505 1 2063 0 32
ciMethod java/util/HashMap afterNodeInsertion (Z)V 4097 1 1669 0 32
ciMethod java/lang/StringLatin1 equals ([B[B)Z 4097 5417 67076 0 -1
ciMethod java/lang/StringLatin1 hashCode ([B)I 1769 32769 1190 0 448
ciMethod java/util/List size ()I 0 0 1 0 -1
ciMethod java/util/List isEmpty ()Z 0 0 1 0 -1
ciMethod java/util/List iterator ()Ljava/util/Iterator; 0 0 1 0 -1
ciMethod java/util/List addAll (Ljava/util/Collection;)Z 0 0 1 0 -1
ciMethod java/util/List get (I)Ljava/lang/Object; 0 0 1 0 -1
ciMethod java/util/List remove (I)Ljava/lang/Object; 0 0 1 0 -1
ciMethod java/util/AbstractList <init> ()V 2073 1 428053 0 64
ciMethod java/lang/Math max (II)I 2201 1 590760 0 -1
ciMethod java/io/OutputStreamWriter close ()V 561 1 64 0 -1
ciMethod java/util/Arrays copyOf ([Ljava/lang/Object;I)[Ljava/lang/Object; 881 1 105286 0 448
ciMethod java/util/Arrays copyOf ([Ljava/lang/Object;ILjava/lang/Class;)[Ljava/lang/Object; 1433 1 14126 0 -1
ciMethod java/io/File <init> (Ljava/lang/String;)V 2049 1 19305 0 -1
ciMethod java/io/File <init> (Ljava/io/File;Ljava/lang/String;)V 2049 1 13574 0 -1
ciMethod java/io/File getName ()Ljava/lang/String; 2065 1 17831 0 -1
ciMethod java/io/File getParentFile ()Ljava/io/File; 16393 1 6029 0 -1
ciMethod java/io/File getPath ()Ljava/lang/String; 1033 1 129 0 -1
ciMethod java/io/File getAbsolutePath ()Ljava/lang/String; 3089 1 23122 0 -1
ciMethod java/io/File delete ()Z 1 1 256 0 -1
ciMethod java/io/File equals (Ljava/lang/Object;)Z 4097 1 11114 0 -1
ciMethod java/util/LinkedHashMap linkNodeLast (Ljava/util/LinkedHashMap$Entry;)V 3169 1 33045 0 0
ciMethod java/util/LinkedHashMap newNode (ILjava/lang/Object;Ljava/lang/Object;Ljava/util/HashMap$Node;)Ljava/util/HashMap$Node; 3121 1 33028 0 1568
ciMethod java/util/LinkedHashMap afterNodeInsertion (Z)V 213105 1 83804 0 128
ciMethod java/util/LinkedHashMap afterNodeAccess (Ljava/util/HashMap$Node;)V 1 1 30680 0 1792
ciMethod java/util/LinkedHashMap removeEldestEntry (Ljava/util/Map$Entry;)Z 1073 1 134 0 0
ciMethod java/lang/IllegalArgumentException <init> (Ljava/lang/String;)V 0 0 167 0 -1
ciMethodData java/lang/Object <init> ()V 2 8482511 orig 320 136 116 23 8 1 0 0 0 16 150 33 17 1 0 0 0 88 1 0 0 0 0 0 0 0 0 0 0 0 0 0 0 0 0 0 0 0 0 0 0 0 0 0 0 0 0 0 0 0 0 0 0 0 0 0 0 0 0 0 0 0 0 0 0 0 0 0 0 0 0 0 0 0 77 68 79 32 101 120 116 114 97 32 100 97 116 97 32 108 111 99 107 0 0 0 0 0 0 0 0 0 0 0 0 0 0 0 0 0 0 0 0 0 0 0 0 0 0 0 0 0 0 0 0 0 0 0 0 0 0 0 0 0 0 0 0 0 0 0 0 0 0 0 0 1 0 0 0 0 0 0 0 0 0 0 0 0 0 0 0 0 0 0 0 0 0 0 0 0 0 0 0 0 0 0 0 0 0 0 0 0 0 0 0 0 0 0 0 0 0 0 0 0 0 0 0 0 0 0 0 0 0 0 0 0 0 0 0 0 0 0 0 0 0 0 0 0 0 0 0 0 0 0 0 1 0 0 0 0 0 0 0 1 0 0 0 0 0 0 0 1 0 0 0 0 0 0 0 0 0 0 0 0 0 0 0 0 2 0 0 121 102 11 4 1 0 0 0 0 0 0 0 0 0 0 0 0 0 0 0 248 3 0 0 248 31 0 0 2 0 0 0 0 0 3 0 1 0 0 0 0 0 0 0 0 0 0 0 254 255 255 255 0 0 0 0 0 0 0 0 data 4 0x0 0x9 0x1 0x0 oops 0 methods 0
ciMethodData java/lang/StringLatin1 hashCode ([B)I 2 29500 orig 320 136 116 23 8 1 0 0 0 128 45 55 17 1 0 0 0 168 1 0 0 0 0 0 0 0 0 0 0 0 0 0 0 0 0 0 0 0 0 0 0 0 0 0 0 0 0 0 0 0 0 0 0 0 0 0 0 0 0 0 0 0 0 0 0 0 0 0 0 0 0 0 0 0 77 68 79 32 101 120 116 114 97 32 100 97 116 97 32 108 111 99 107 0 0 0 0 0 0 0 0 0 0 0 0 0 0 0 0 0 0 0 0 0 0 0 0 0 0 0 0 0 0 0 0 0 0 0 0 0 0 0 0 0 0 0 0 0 0 0 0 0 0 0 0 0 0 0 0 0 0 0 0 0 0 0 0 0 0 0 0 0 0 0 0 0 0 0 0 0 0 0 0 0 0 0 0 0 0 0 0 0 0 0 0 0 0 0 0 0 0 0 0 0 0 0 0 0 0 0 0 0 0 0 0 0 0 0 0 0 0 0 0 0 0 0 0 0 0 0 0 0 0 0 0 0 0 0 0 0 0 0 0 0 0 0 0 0 0 0 0 0 0 0 0 0 0 0 0 0 0 0 0 0 0 0 0 0 16 0 0 73 30 0 0 225 25 3 0 0 0 0 0 0 0 0 0 0 0 0 0 248 3 0 0 248 31 0 0 2 0 0 0 1 0 6 0 2 0 0 0 0 0 0 0 56 0 0 0 254 255 255 255 7 0 13 0 0 0 0 0 data 14 0xd0007 0x3c9 0x38 0x6336 0x250003 0x6336 0xffffffffffffffe0 0x0 0x0 0x0 0x0 0x9 0x1 0x0 oops 0 methods 0
ciMethodData java/lang/String hashCode ()I 2 20287 orig 320 136 116 23 8 1 0 0 0 208 251 33 17 1 0 0 0 80 2 0 0 64 0 0 0 0 0 0 0 0 0 0 0 0 0 0 0 0 0 0 0 0 0 0 0 0 0 0 0 0 0 0 0 0 0 0 0 0 0 0 0 0 0 0 0 0 0 0 0 0 0 0 0 0 77 68 79 32 101 120 116 114 97 32 100 97 116 97 32 108 111 99 107 0 0 0 0 0 0 0 0 0 0 0 0 0 0 0 0 0 0 0 0 0 0 0 0 0 0 0 0 0 0 0 0 0 0 0 0 0 0 0 0 0 0 0 0 0 0 0 0 0 0 0 0 1 0 0 0 0 0 0 0 0 0 0 0 0 0 0 0 0 0 0 0 0 0 0 0 0 0 0 0 0 0 0 0 0 0 0 0 0 0 0 0 0 0 0 0 0 0 0 0 0 0 0 0 0 0 0 0 0 0 0 0 0 0 0 0 0 0 0 0 0 0 0 0 0 0 0 0 0 0 0 0 17 0 0 0 0 0 0 0 0 0 0 0 0 0 0 0 1 0 0 0 0 0 0 0 0 0 0 0 0 0 0 0 0 2 0 0 161 189 1 0 1 0 0 0 38 26 0 0 0 0 0 0 0 0 0 0 248 3 0 0 248 31 0 0 2 0 0 0 1 0 14 0 2 0 0 0 0 0 0 0 208 0 0 0 254 255 255 255 7 0 6 0 0 0 0 0 data 35 0x60007 0x264e 0xd0 0x115a 0xe0007 0x367 0xb0 0xdfa 0x130005 0xdfc 0x0 0x0 0x0 0x0 0x0 0x160007 0x6 0x48 0xdf9 0x1d0002 0xdfa 0x200003 0xdf9 0x28 0x270002 0x6 0x0 0x0 0x0 0x0 0x0 0x0 0x9 0x1 0x4 oops 0 methods 0
ciMethodData java/lang/String isLatin1 ()Z 2 14089929 orig 320 136 116 23 8 1 0 0 0 0 51 34 17 1 0 0 0 200 1 0 0 32 0 0 0 0 0 0 0 0 0 0 0 0 0 0 0 0 0 0 0 0 0 0 0 0 0 0 0 0 0 0 0 0 0 0 0 0 0 0 0 0 0 0 0 0 0 0 0 0 0 0 0 0 77 68 79 32 101 120 116 114 97 32 100 97 116 97 32 108 111 99 107 0 0 0 0 0 0 0 0 0 0 0 0 0 0 0 0 0 0 0 0 0 0 0 0 0 0 0 0 0 0 0 0 0 0 0 0 0 0 0 0 0 0 0 0 0 0 0 0 0 0 0 0 1 0 0 0 2 0 0 0 0 0 0 0 0 0 0 0 0 0 0 0 0 0 0 0 0 0 0 0 0 0 0 0 0 0 0 0 0 0 5 0 0 0 0 0 0 0 0 0 0 0 0 0 0 0 0 0 0 0 0 0 0 0 0 0 0 0 0 0 0 0 0 0 0 0 0 0 0 0 0 0 1 0 0 0 0 0 0 0 0 0 0 0 0 0 0 0 1 0 0 0 0 0 0 0 0 0 0 0 0 0 0 0 0 2 0 0 73 230 183 6 1 0 0 0 119 231 172 0 0 0 0 0 0 0 0 0 248 3 0 0 248 31 0 0 2 0 0 0 0 0 7 0 2 0 0 0 0 0 0 0 88 0 0 0 254 255 255 255 7 0 3 0 0 0 0 0 data 18 0x30007 0x0 0x58 0xd6ffe7 0x80000006000a0007 0x19 0x38 0xd6fe84 0xe0003 0xd7001c 0x18 0x0 0x0 0x0 0x0 0x9 0x1 0x0 oops 0 methods 0
ciMethodData java/lang/String coder ()B 2 7990822 orig 320 136 116 23 8 1 0 0 0 160 49 34 17 1 0 0 0 168 1 0 0 0 0 0 0 0 0 0 0 0 0 0 0 0 0 0 0 0 0 0 0 0 0 0 0 0 0 0 0 0 0 0 0 0 0 0 0 0 0 0 0 0 0 0 0 0 0 0 0 0 0 0 0 0 77 68 79 32 101 120 116 114 97 32 100 97 116 97 32 108 111 99 107 0 0 0 0 0 0 0 0 0 0 0 0 0 0 0 0 0 0 0 0 0 0 0 0 0 0 0 0 0 0 0 0 0 0 0 0 0 0 0 0 0 0 0 0 0 0 0 0 0 0 0 0 0 0 0 0 0 0 0 0 0 0 0 0 0 0 0 0 0 0 0 0 0 0 0 0 0 0 0 0 0 0 0 0 0 0 0 0 0 0 0 0 0 0 0 0 0 0 0 0 0 0 0 0 0 0 0 0 0 0 0 0 0 0 0 0 0 0 0 0 0 0 0 0 0 0 0 0 0 0 0 0 1 0 0 0 0 0 0 0 0 0 0 0 0 0 0 0 1 0 0 0 0 0 0 0 0 0 0 0 0 0 0 0 0 2 0 0 49 97 207 3 1 0 0 0 0 0 0 0 0 0 0 0 0 0 0 0 248 3 0 0 248 31 0 0 2 0 0 0 0 0 5 0 2 0 0 0 0 0 0 0 56 0 0 0 254 255 255 255 7 0 3 0 0 0 0 0 data 14 0x30007 0x0 0x38 0x79f38c 0xa0003 0x79f42e 0x18 0x0 0x0 0x0 0x0 0x9 0x1 0x0 oops 0 methods 0
ciMethod java/util/ArrayList <init> (I)V 1369 1 13506 0 704
ciMethod java/util/ArrayList <init> (Ljava/util/Collection;)V 83673 1 52585 0 -1
ciMethod java/util/ArrayList grow (I)[Ljava/lang/Object; 2193 1 55837 0 0
ciMethod java/util/ArrayList grow ()[Ljava/lang/Object; 457 1 55429 0 0
ciMethod java/util/ArrayList newCapacity (I)I 465 1 9297 0 160
ciMethod java/util/ArrayList hugeCapacity (I)I 0 0 1 0 0
ciMethod java/util/ArrayList size ()I 1121 1 140 0 0
ciMethod java/util/ArrayList elementData (I)Ljava/lang/Object; 2049 1 91244 0 96
ciMethod java/util/ArrayList get (I)Ljava/lang/Object; 2049 1 85086 0 160
ciMethod java/util/ArrayList add (Ljava/lang/Object;[Ljava/lang/Object;I)V 2297 1 602850 0 0
ciMethod java/util/ArrayList add (Ljava/lang/Object;)Z 2297 1 602765 0 1312
ciMethod java/util/ArrayList addAll (Ljava/util/Collection;)Z 628353 1 78840 0 0
ciMethod java/util/ArrayList iterator ()Ljava/util/Iterator; 2065 1 143437 0 192
ciMethod java/lang/Enum ordinal ()I 1273 1 159 0 -1
ciMethod java/lang/Enum hashCode ()I 2233 1 90578 0 -1
ciMethodData java/lang/String equals (Ljava/lang/Object;)Z 2 349022 orig 320 136 116 23 8 1 0 0 0 16 238 33 17 1 0 0 0 88 3 0 0 32 1 0 0 0 0 0 0 0 0 0 0 0 0 0 0 0 0 0 0 0 0 0 0 0 0 0 0 0 0 0 0 0 0 0 0 0 0 0 0 0 0 0 0 0 0 0 0 0 0 0 0 0 77 68 79 32 101 120 116 114 97 32 100 97 116 97 32 108 111 99 107 0 0 0 0 0 0 0 0 0 0 0 0 0 0 0 0 0 0 0 0 0 0 0 0 0 0 0 0 0 0 0 0 0 0 0 0 0 0 0 0 0 0 0 0 0 0 0 0 0 0 0 0 1 0 0 0 0 0 0 0 0 0 0 0 0 0 0 0 0 0 0 0 0 0 0 0 0 0 0 0 0 0 0 0 0 0 0 0 0 0 1 0 0 0 0 0 0 0 0 0 0 0 0 0 0 0 0 0 0 0 0 0 0 0 0 0 0 0 0 0 0 0 0 0 0 0 0 0 0 0 0 0 17 0 0 0 0 0 0 0 0 0 0 0 0 0 0 0 1 0 0 0 0 0 0 0 0 0 0 0 0 0 0 0 0 2 0 0 225 21 4 0 1 0 0 0 53 22 0 0 0 0 0 0 0 0 0 0 248 3 0 0 248 31 0 0 2 0 0 0 0 0 24 0 2 0 0 0 0 0 0 0 208 1 0 0 254 255 255 255 7 0 2 0 0 0 0 0 data 68 0x20007 0x4e5e 0x20 0x344c 0x80104 0x0 0x0 0x7fc51201d900 0x4e5e 0x0 0x0 0xb0007 0x7 0x178 0x4e5e 0xf0004 0x0 0x0 0x7fc51201d900 0x4e5e 0x0 0x0 0x140005 0x4e60 0x0 0x0 0x0 0x0 0x0 0x180005 0x4e60 0x0 0x0 0x0 0x0 0x0 0x80000006001b0007 0x4 0xb0 0x4e63 0x1f0005 0x4e62 0x0 0x0 0x0 0x0 0x0 0x220007 0x0 0x48 0x4e64 0x2d0002 0x4e65 0x300003 0x4e68 0x28 0x3b0002 0x0 0x0 0x0 0x0 0x0 0x0 0x0 0x9 0x2 0x0 0x0 oops 2